0 info it worked if it ends with ok
1 verbose cli [ '/usr/local/bin/node',
1 verbose cli   '/usr/local/bin/npm',
1 verbose cli   'install',
1 verbose cli   '-g',
1 verbose cli   'bower' ]
2 info using npm@2.14.7
3 info using node@v4.2.2
4 verbose install initial load of /usr/local/lib/package.json
5 verbose readDependencies loading dependencies from /usr/local/lib/package.json
6 silly cache add args [ 'bower', null ]
7 verbose cache add spec bower
8 silly cache add parsed spec Result {
8 silly cache add   raw: 'bower',
8 silly cache add   scope: null,
8 silly cache add   name: 'bower',
8 silly cache add   rawSpec: '',
8 silly cache add   spec: '*',
8 silly cache add   type: 'range' }
9 silly addNamed bower@*
10 verbose addNamed "*" is a valid semver range for bower
11 silly addNameRange { name: 'bower', range: '*', hasData: false }
12 silly mapToRegistry name bower
13 silly mapToRegistry using default registry
14 silly mapToRegistry registry https://registry.npmjs.org/
15 silly mapToRegistry uri https://registry.npmjs.org/bower
16 verbose addNameRange registry:https://registry.npmjs.org/bower not in flight; fetching
17 verbose request uri https://registry.npmjs.org/bower
18 verbose request no auth needed
19 info attempt registry request try #1 at 1:12:00 PM
20 verbose request id be07506dbf22f292
21 verbose etag "1ED3L97HWL74P9C8G3Q4CCP9Q"
22 http request GET https://registry.npmjs.org/bower
23 http 200 https://registry.npmjs.org/bower
24 verbose headers { server: 'CouchDB/1.5.0 (Erlang OTP/R16B03)',
24 verbose headers   etag: '"WMS15KBO8YHM3MBRQIVZ8XPB"',
24 verbose headers   'content-type': 'application/json',
24 verbose headers   'cache-control': 'max-age=300',
24 verbose headers   'content-length': '168852',
24 verbose headers   'accept-ranges': 'bytes',
24 verbose headers   date: 'Tue, 02 Feb 2016 21:12:00 GMT',
24 verbose headers   via: '1.1 varnish',
24 verbose headers   age: '96',
24 verbose headers   connection: 'keep-alive',
24 verbose headers   'x-served-by': 'cache-sjc3135-SJC',
24 verbose headers   'x-cache': 'HIT',
24 verbose headers   'x-cache-hits': '2',
24 verbose headers   'x-timer': 'S1454447520.836357,VS0,VE0',
24 verbose headers   vary: 'Accept' }
25 silly get cb [ 200,
25 silly get   { server: 'CouchDB/1.5.0 (Erlang OTP/R16B03)',
25 silly get     etag: '"WMS15KBO8YHM3MBRQIVZ8XPB"',
25 silly get     'content-type': 'application/json',
25 silly get     'cache-control': 'max-age=300',
25 silly get     'content-length': '168852',
25 silly get     'accept-ranges': 'bytes',
25 silly get     date: 'Tue, 02 Feb 2016 21:12:00 GMT',
25 silly get     via: '1.1 varnish',
25 silly get     age: '96',
25 silly get     connection: 'keep-alive',
25 silly get     'x-served-by': 'cache-sjc3135-SJC',
25 silly get     'x-cache': 'HIT',
25 silly get     'x-cache-hits': '2',
25 silly get     'x-timer': 'S1454447520.836357,VS0,VE0',
25 silly get     vary: 'Accept' } ]
26 verbose get saving bower to /Users/zhangping/.npm/registry.npmjs.org/bower/.cache.json
27 silly addNameRange number 2 { name: 'bower', range: '*', hasData: true }
28 silly addNameRange versions [ 'bower',
28 silly addNameRange   [ '0.1.0',
28 silly addNameRange     '0.1.2',
28 silly addNameRange     '0.1.3',
28 silly addNameRange     '0.2.0',
28 silly addNameRange     '0.3.0',
28 silly addNameRange     '0.3.1',
28 silly addNameRange     '0.3.2',
28 silly addNameRange     '0.4.0',
28 silly addNameRange     '0.5.0',
28 silly addNameRange     '0.5.1',
28 silly addNameRange     '0.6.0',
28 silly addNameRange     '0.6.1',
28 silly addNameRange     '0.6.2',
28 silly addNameRange     '0.6.3',
28 silly addNameRange     '0.6.4',
28 silly addNameRange     '0.6.5',
28 silly addNameRange     '0.6.6',
28 silly addNameRange     '0.6.7',
28 silly addNameRange     '0.6.8',
28 silly addNameRange     '0.7.0',
28 silly addNameRange     '0.7.1',
28 silly addNameRange     '0.8.0',
28 silly addNameRange     '0.8.1',
28 silly addNameRange     '0.8.2',
28 silly addNameRange     '0.8.3',
28 silly addNameRange     '0.8.4',
28 silly addNameRange     '0.8.5',
28 silly addNameRange     '0.8.6',
28 silly addNameRange     '0.9.0',
28 silly addNameRange     '0.9.1',
28 silly addNameRange     '0.9.2',
28 silly addNameRange     '0.10.0',
28 silly addNameRange     '1.0.0',
28 silly addNameRange     '1.0.1',
28 silly addNameRange     '1.0.2',
28 silly addNameRange     '1.0.3',
28 silly addNameRange     '1.1.0',
28 silly addNameRange     '1.1.1',
28 silly addNameRange     '1.1.2',
28 silly addNameRange     '1.2.0',
28 silly addNameRange     '1.2.1',
28 silly addNameRange     '1.2.2',
28 silly addNameRange     '1.2.3',
28 silly addNameRange     '1.2.4',
28 silly addNameRange     '1.2.5',
28 silly addNameRange     '1.2.6',
28 silly addNameRange     '1.2.7',
28 silly addNameRange     '1.2.8',
28 silly addNameRange     '1.3.0',
28 silly addNameRange     '1.3.1',
28 silly addNameRange     '1.3.2',
28 silly addNameRange     '1.3.3',
28 silly addNameRange     '1.3.4',
28 silly addNameRange     '1.3.5',
28 silly addNameRange     '1.3.6',
28 silly addNameRange     '1.3.7',
28 silly addNameRange     '1.3.8',
28 silly addNameRange     '1.3.9',
28 silly addNameRange     '1.3.10',
28 silly addNameRange     '1.3.11',
28 silly addNameRange     '1.3.12',
28 silly addNameRange     '1.4.0',
28 silly addNameRange     '1.4.1',
28 silly addNameRange     '1.5.0',
28 silly addNameRange     '1.5.1',
28 silly addNameRange     '1.5.2',
28 silly addNameRange     '1.5.3',
28 silly addNameRange     '1.6.2',
28 silly addNameRange     '1.6.3',
28 silly addNameRange     '1.6.4',
28 silly addNameRange     '1.6.5',
28 silly addNameRange     '1.5.4',
28 silly addNameRange     '1.4.2',
28 silly addNameRange     '1.6.6',
28 silly addNameRange     '1.6.7',
28 silly addNameRange     '1.6.8',
28 silly addNameRange     '1.6.9',
28 silly addNameRange     '1.7.0',
28 silly addNameRange     '1.7.1',
28 silly addNameRange     '1.7.2',
28 silly addNameRange     '1.7.5',
28 silly addNameRange     '1.7.6',
28 silly addNameRange     '1.7.7' ] ]
29 silly addNamed bower@1.7.7
30 verbose addNamed "1.7.7" is a plain semver version for bower
31 silly cache afterAdd bower@1.7.7
32 verbose afterAdd /Users/zhangping/.npm/bower/1.7.7/package/package.json not in flight; writing
33 verbose afterAdd /Users/zhangping/.npm/bower/1.7.7/package/package.json written
34 silly install resolved [ { name: 'bower',
34 silly install resolved     version: '1.7.7',
34 silly install resolved     description: 'The browser package manager',
34 silly install resolved     author: { name: 'Twitter' },
34 silly install resolved     license: 'MIT',
34 silly install resolved     repository: { type: 'git', url: 'git+https://github.com/bower/bower.git' },
34 silly install resolved     main: 'lib',
34 silly install resolved     bin: { bower: 'bin/bower' },
34 silly install resolved     homepage: 'http://bower.io',
34 silly install resolved     engines: { node: '>=0.10.0' },
34 silly install resolved     keywords: [ 'bower' ],
34 silly install resolved     files: [ 'bin', 'lib' ],
34 silly install resolved     bugs: { url: 'https://github.com/bower/bower/issues' },
34 silly install resolved     _id: 'bower@1.7.7',
34 silly install resolved     scripts: {},
34 silly install resolved     _shasum: '2fd7ff3ebdcba5a8ffcd84c397c8fdfe9f825f92',
34 silly install resolved     _from: 'bower@*',
34 silly install resolved     _npmVersion: '3.5.3',
34 silly install resolved     _nodeVersion: '4.1.1',
34 silly install resolved     _npmUser: { name: 'sheerun', email: 'sheerun@sher.pl' },
34 silly install resolved     dist:
34 silly install resolved      { shasum: '2fd7ff3ebdcba5a8ffcd84c397c8fdfe9f825f92',
34 silly install resolved        tarball: 'http://registry.npmjs.org/bower/-/bower-1.7.7.tgz' },
34 silly install resolved     maintainers:
34 silly install resolved      [ [Object],
34 silly install resolved        [Object],
34 silly install resolved        [Object],
34 silly install resolved        [Object],
34 silly install resolved        [Object],
34 silly install resolved        [Object],
34 silly install resolved        [Object] ],
34 silly install resolved     directories: {},
34 silly install resolved     _resolved: 'https://registry.npmjs.org/bower/-/bower-1.7.7.tgz',
34 silly install resolved     readme: 'ERROR: No README data found!' } ]
35 info install bower@1.7.7 into /usr/local/lib
36 info installOne bower@1.7.7
37 verbose installOne of bower to /usr/local/lib not in flight; installing
38 verbose lock using /Users/zhangping/.npm/_locks/bower-e8debc5417026b57.lock for /usr/local/lib/node_modules/bower
39 silly install write writing bower 1.7.7 to /usr/local/lib/node_modules/bower
40 verbose unbuild lib/node_modules/bower
41 info preuninstall bower@1.7.2
42 info uninstall bower@1.7.2
43 verbose unbuild rmStuff bower@1.7.2 from /usr/local/lib/node_modules
44 silly gentlyRm /usr/local/bin/bower is being gently removed
45 silly gentlyRm verifying /usr/local is an npm working directory
46 silly gentlyRm containing path /usr/local is under npm's control, in /usr/local
47 silly gentlyRm deletion target /usr/local/bin/bower is under /usr/local
48 verbose gentlyRm vacuuming from /usr/local/bin/bower up to /usr/local
49 silly vacuum-fs removing /usr/local/bin/bower
50 silly vacuum-fs quitting because other entries in /usr/local/bin
51 info postuninstall bower@1.7.2
52 silly gentlyRm /usr/local/lib/node_modules/bower is being purged from base /usr/local
53 verbose gentlyRm don't care about contents; nuking /usr/local/lib/node_modules/bower
54 silly vacuum-fs purging /usr/local/lib/node_modules/bower
55 verbose unlock done using /Users/zhangping/.npm/_locks/bower-e8debc5417026b57.lock for /usr/local/lib/node_modules/bower
56 verbose stack Error: EACCES: permission denied, rmdir '/usr/local/lib/node_modules/bower'
56 verbose stack     at Error (native)
57 verbose cwd /Users/zhangping/Desktop/FirewallDataBaseApp---NodeJs
58 error Darwin 14.5.0
59 error argv "/usr/local/bin/node" "/usr/local/bin/npm" "install" "-g" "bower"
60 error node v4.2.2
61 error npm  v2.14.7
62 error path /usr/local/lib/node_modules/bower
63 error code EACCES
64 error errno -13
65 error syscall rmdir
66 error Error: EACCES: permission denied, rmdir '/usr/local/lib/node_modules/bower'
66 error     at Error (native)
66 error  { [Error: EACCES: permission denied, rmdir '/usr/local/lib/node_modules/bower']
66 error   errno: -13,
66 error   code: 'EACCES',
66 error   syscall: 'rmdir',
66 error   path: '/usr/local/lib/node_modules/bower' }
67 error Please try running this command again as root/Administrator.
68 verbose exit [ -13, true ]
69 verbose unbuild lib/node_modules/bower
70 info preuninstall bower@1.7.2
71 info uninstall bower@1.7.2
72 verbose unbuild rmStuff bower@1.7.2 from /usr/local/lib/node_modules
73 silly gentlyRm /usr/local/bin/bower is being gently removed
74 silly gentlyRm verifying /usr/local is an npm working directory
75 silly gentlyRm containing path /usr/local is under npm's control, in /usr/local
76 silly gentlyRm deletion target /usr/local/bin/bower is under /usr/local
77 verbose gentlyRm vacuuming from /usr/local/bin/bower up to /usr/local
78 info postuninstall bower@1.7.2
79 silly gentlyRm /usr/local/lib/node_modules/bower is being purged from base /usr/local
80 verbose gentlyRm don't care about contents; nuking /usr/local/lib/node_modules/bower
81 silly vacuum-fs purging /usr/local/lib/node_modules/bower
82 error error rolling back Error: EACCES: permission denied, rmdir '/usr/local/lib/node_modules/bower'
82 error error rolling back     at Error (native)
82 error error rolling back  { [Error: EACCES: permission denied, rmdir '/usr/local/lib/node_modules/bower']
82 error error rolling back   errno: -13,
82 error error rolling back   code: 'EACCES',
82 error error rolling back   syscall: 'rmdir',
82 error error rolling back   path: '/usr/local/lib/node_modules/bower' }
